running develop
/usr/lib/python3/dist-packages/setuptools/command/easy_install.py:158: EasyInstallDeprecationWarning: easy_install command is deprecated. Use build and pip and other standards-based tools.
  warnings.warn(
running egg_info
creating astar_planner.egg-info
writing astar_planner.egg-info/PKG-INFO
writing dependency_links to astar_planner.egg-info/dependency_links.txt
writing entry points to astar_planner.egg-info/entry_points.txt
writing requirements to astar_planner.egg-info/requires.txt
writing top-level names to astar_planner.egg-info/top_level.txt
writing manifest file 'astar_planner.egg-info/SOURCES.txt'
reading manifest file 'astar_planner.egg-info/SOURCES.txt'
writing manifest file 'astar_planner.egg-info/SOURCES.txt'
running build_ext
Creating /home/puja/Desktop/astar_planner/install/astar_planner/lib/python3.10/site-packages/astar-planner.egg-link (link to .)
Installing astar_node script to /home/puja/Desktop/astar_planner/install/astar_planner/lib/astar_planner
Installing grover_node script to /home/puja/Desktop/astar_planner/install/astar_planner/lib/astar_planner
Installing occupancy_grid_node script to /home/puja/Desktop/astar_planner/install/astar_planner/lib/astar_planner
Installing path_follower_node script to /home/puja/Desktop/astar_planner/install/astar_planner/lib/astar_planner

Installed /home/puja/Desktop/astar_planner/build/astar_planner
running symlink_data
creating /home/puja/Desktop/astar_planner/install/astar_planner/share/ament_index
creating /home/puja/Desktop/astar_planner/install/astar_planner/share/ament_index/resource_index
creating /home/puja/Desktop/astar_planner/install/astar_planner/share/ament_index/resource_index/packages
symbolically linking /home/puja/Desktop/astar_planner/build/astar_planner/resource/astar_planner -> /home/puja/Desktop/astar_planner/install/astar_planner/share/ament_index/resource_index/packages
symbolically linking /home/puja/Desktop/astar_planner/build/astar_planner/package.xml -> /home/puja/Desktop/astar_planner/install/astar_planner/share/astar_planner
