[0.655s] Invoking command in '/home/puja/Desktop/astar_planner/build/astar_planner': CONDA_PROMPT_MODIFIER=(opencv-cuda) PYTHONPATH=/home/puja/Desktop/astar_planner/build/astar_planner/prefix_override:/home/puja/Desktop/astar_planner/install/astar_planner/lib/python3.10/site-packages:${PYTHONPATH} /usr/bin/python3 -W ignore:setup.py install is deprecated setup.py develop --editable --build-directory /home/puja/Desktop/astar_planner/build/astar_planner/build --no-deps symlink_data
[0.972s] running develop
[0.972s] /usr/lib/python3/dist-packages/setuptools/command/easy_install.py:158: EasyInstallDeprecationWarning: easy_install command is deprecated. Use build and pip and other standards-based tools.
[0.973s]   warnings.warn(
[1.190s] running egg_info
[1.191s] creating astar_planner.egg-info
[1.191s] writing astar_planner.egg-info/PKG-INFO
[1.191s] writing dependency_links to astar_planner.egg-info/dependency_links.txt
[1.191s] writing entry points to astar_planner.egg-info/entry_points.txt
[1.191s] writing requirements to astar_planner.egg-info/requires.txt
[1.191s] writing top-level names to astar_planner.egg-info/top_level.txt
[1.192s] writing manifest file 'astar_planner.egg-info/SOURCES.txt'
[1.193s] reading manifest file 'astar_planner.egg-info/SOURCES.txt'
[1.194s] writing manifest file 'astar_planner.egg-info/SOURCES.txt'
[1.196s] running build_ext
[1.196s] Creating /home/puja/Desktop/astar_planner/install/astar_planner/lib/python3.10/site-packages/astar-planner.egg-link (link to .)
[1.197s] Installing astar_node script to /home/puja/Desktop/astar_planner/install/astar_planner/lib/astar_planner
[1.197s] Installing grover_node script to /home/puja/Desktop/astar_planner/install/astar_planner/lib/astar_planner
[1.197s] Installing occupancy_grid_node script to /home/puja/Desktop/astar_planner/install/astar_planner/lib/astar_planner
[1.197s] Installing path_follower_node script to /home/puja/Desktop/astar_planner/install/astar_planner/lib/astar_planner
[1.198s] 
[1.198s] Installed /home/puja/Desktop/astar_planner/build/astar_planner
[1.198s] running symlink_data
[1.198s] creating /home/puja/Desktop/astar_planner/install/astar_planner/share/ament_index
[1.198s] creating /home/puja/Desktop/astar_planner/install/astar_planner/share/ament_index/resource_index
[1.198s] creating /home/puja/Desktop/astar_planner/install/astar_planner/share/ament_index/resource_index/packages
[1.198s] symbolically linking /home/puja/Desktop/astar_planner/build/astar_planner/resource/astar_planner -> /home/puja/Desktop/astar_planner/install/astar_planner/share/ament_index/resource_index/packages
[1.198s] symbolically linking /home/puja/Desktop/astar_planner/build/astar_planner/package.xml -> /home/puja/Desktop/astar_planner/install/astar_planner/share/astar_planner
[1.244s] Invoked command in '/home/puja/Desktop/astar_planner/build/astar_planner' returned '0': CONDA_PROMPT_MODIFIER=(opencv-cuda) PYTHONPATH=/home/puja/Desktop/astar_planner/build/astar_planner/prefix_override:/home/puja/Desktop/astar_planner/install/astar_planner/lib/python3.10/site-packages:${PYTHONPATH} /usr/bin/python3 -W ignore:setup.py install is deprecated setup.py develop --editable --build-directory /home/puja/Desktop/astar_planner/build/astar_planner/build --no-deps symlink_data
